<?xml version="1.0" encoding="UTF-8"?>
<!-- Generated by org.testng.reporters.JUnitReportReporter -->
<testsuite skipped="0" hostname="REM-LT-200113A" name="ui.automation.selenium.tests.DemoTest" tests="1" failures="0" timestamp="12 Mar 2020 03:57:09 GMT" time="0.004" errors="0">
  <testcase name="demoTest" time="0.004" classname="ui.automation.selenium.tests.DemoTest"/>
</testsuite> <!-- ui.automation.selenium.tests.DemoTest -->
